[debug] [2024-12-13T05:04:49.672Z] ----------------------------------------------------------------------
[debug] [2024-12-13T05:04:49.676Z] Command:       C:\Program Files\nodejs\node.exe C:\Users\jesus\AppData\Roaming\npm\node_modules\firebase-tools\lib\bin\firebase.js init --debug
[debug] [2024-12-13T05:04:49.677Z] CLI Version:   13.29.0
[debug] [2024-12-13T05:04:49.677Z] Platform:      win32
[debug] [2024-12-13T05:04:49.677Z] Node Version:  v22.11.0
[debug] [2024-12-13T05:04:49.677Z] Time:          Thu Dec 12 2024 23:04:49 GMT-0600 (hora estándar central)
[debug] [2024-12-13T05:04:49.677Z] ----------------------------------------------------------------------
[debug] 
[debug] [2024-12-13T05:04:49.687Z] > command requires scopes: ["email","openid","https://www.googleapis.com/auth/cloudplatformprojects.readonly","https://www.googleapis.com/auth/firebase","https://www.googleapis.com/auth/cloud-platform"]
[debug] [2024-12-13T05:04:49.688Z] > authorizing via signed-in user (jesuscb39@gmail.com)
[info] 
     ######## #### ########  ######## ########     ###     ######  ########
     ##        ##  ##     ## ##       ##     ##  ##   ##  ##       ##
     ######    ##  ########  ######   ########  #########  ######  ######
     ##        ##  ##    ##  ##       ##     ## ##     ##       ## ##
     ##       #### ##     ## ######## ########  ##     ##  ######  ########

You're about to initialize a Firebase project in this directory:

  C:\Users\jesus\Documents\Ecommerce

[info] 
=== Project Setup
[info] 
[info] First, let's associate this project directory with a Firebase project.
[info] You can create multiple project aliases by running firebase use --add, 
[info] but for now we'll just set up a default project.
[info] 
[info] i  If you want to create a project in a Google Cloud organization or folder, please use "firebase projects:create" instead, and return to this command when you've created the project. 
[debug] [2024-12-13T05:06:10.512Z] Checked if tokens are valid: true, expires at: 1734069834547
[debug] [2024-12-13T05:06:10.513Z] Checked if tokens are valid: true, expires at: 1734069834547
[debug] [2024-12-13T05:06:10.517Z] >>> [apiv2][query] POST https://cloudresourcemanager.googleapis.com/v1/projects [none]
[debug] [2024-12-13T05:06:10.517Z] >>> [apiv2][body] POST https://cloudresourcemanager.googleapis.com/v1/projects {"projectId":"Ecommerce EBAC","name":"Ecommerce"}
[debug] [2024-12-13T05:06:11.012Z] <<< [apiv2][status] POST https://cloudresourcemanager.googleapis.com/v1/projects 400
[debug] [2024-12-13T05:06:11.013Z] <<< [apiv2][body] POST https://cloudresourcemanager.googleapis.com/v1/projects {"error":{"code":400,"message":"field [project_id] has issue [project_id contains invalid characters]","status":"INVALID_ARGUMENT","details":[{"@type":"type.googleapis.com/google.rpc.BadRequest","fieldViolations":[{"field":"project_id","description":"project_id contains invalid characters"}]},{"@type":"type.googleapis.com/google.rpc.Help","links":[{"url":"https://cloud.google.com/resource-manager/reference/rest/v1/projects"}]}]}}
[debug] [2024-12-13T05:06:11.248Z] FirebaseError: Request to https://cloudresourcemanager.googleapis.com/v1/projects had HTTP Error: 400, field [project_id] has issue [project_id contains invalid characters]
    at responseToError (C:\Users\jesus\AppData\Roaming\npm\node_modules\firebase-tools\lib\responseToError.js:52:12)
    at RetryOperation._fn (C:\Users\jesus\AppData\Roaming\npm\node_modules\firebase-tools\lib\apiv2.js:312:77)
    at process.processTicksAndRejections (node:internal/process/task_queues:105:5)
[error] 
[error] Error: Failed to create project. See firebase-debug.log for more info.
[debug] [2024-12-13T05:06:54.547Z] ----------------------------------------------------------------------
[debug] [2024-12-13T05:06:54.552Z] Command:       C:\Program Files\nodejs\node.exe C:\Users\jesus\AppData\Roaming\npm\node_modules\firebase-tools\lib\bin\firebase.js init --debug
[debug] [2024-12-13T05:06:54.553Z] CLI Version:   13.29.0
[debug] [2024-12-13T05:06:54.553Z] Platform:      win32
[debug] [2024-12-13T05:06:54.553Z] Node Version:  v22.11.0
[debug] [2024-12-13T05:06:54.554Z] Time:          Thu Dec 12 2024 23:06:54 GMT-0600 (hora estándar central)
[debug] [2024-12-13T05:06:54.554Z] ----------------------------------------------------------------------
[debug] 
[debug] [2024-12-13T05:06:54.565Z] > command requires scopes: ["email","openid","https://www.googleapis.com/auth/cloudplatformprojects.readonly","https://www.googleapis.com/auth/firebase","https://www.googleapis.com/auth/cloud-platform"]
[debug] [2024-12-13T05:06:54.567Z] > authorizing via signed-in user (jesuscb39@gmail.com)
[info] 
     ######## #### ########  ######## ########     ###     ######  ########
     ##        ##  ##     ## ##       ##     ##  ##   ##  ##       ##
     ######    ##  ########  ######   ########  #########  ######  ######
     ##        ##  ##    ##  ##       ##     ## ##     ##       ## ##
     ##       #### ##     ## ######## ########  ##     ##  ######  ########

You're about to initialize a Firebase project in this directory:

  C:\Users\jesus\Documents\Ecommerce

[info] 
=== Project Setup
[info] 
[info] First, let's associate this project directory with a Firebase project.
[info] You can create multiple project aliases by running firebase use --add, 
[info] but for now we'll just set up a default project.
[info] 
[debug] [2024-12-13T05:07:05.306Z] Checked if tokens are valid: true, expires at: 1734069834547
[debug] [2024-12-13T05:07:05.307Z] Checked if tokens are valid: true, expires at: 1734069834547
[debug] [2024-12-13T05:07:05.309Z] >>> [apiv2][query] GET https://firebase.googleapis.com/v1beta1/projects pageSize=100
[debug] [2024-12-13T05:07:05.853Z] <<< [apiv2][status] GET https://firebase.googleapis.com/v1beta1/projects 200
[debug] [2024-12-13T05:07:05.854Z] <<< [apiv2][body] GET https://firebase.googleapis.com/v1beta1/projects [omitted]
[info] i  Using project ebac-firebase-hosting-5b3ab (EBAC-Firebase-Hosting) 
[info] 
=== Hosting Setup
[debug] [2024-12-13T05:07:08.326Z] Checked if tokens are valid: true, expires at: 1734069834547
[debug] [2024-12-13T05:07:08.326Z] Checked if tokens are valid: true, expires at: 1734069834547
[debug] [2024-12-13T05:07:08.327Z] >>> [apiv2][query] GET https://firebase.googleapis.com/v1beta1/projects/ebac-firebase-hosting-5b3ab [none]
[debug] [2024-12-13T05:07:08.607Z] <<< [apiv2][status] GET https://firebase.googleapis.com/v1beta1/projects/ebac-firebase-hosting-5b3ab 200
[debug] [2024-12-13T05:07:08.608Z] <<< [apiv2][body] GET https://firebase.googleapis.com/v1beta1/projects/ebac-firebase-hosting-5b3ab {"projectId":"ebac-firebase-hosting-5b3ab","projectNumber":"535795992469","displayName":"EBAC-Firebase-Hosting","name":"projects/ebac-firebase-hosting-5b3ab","resources":{"hostingSite":"ebac-firebase-hosting-5b3ab"},"state":"ACTIVE","etag":"1_954a1a3e-5883-43f4-82cd-fd0f9763718f"}
[info] 
[info] Your public directory is the folder (relative to your project directory) that
[info] will contain Hosting assets to be uploaded with firebase deploy. If you
[info] have a build process for your assets, use your build's output directory.
[info] 
[info] +  Wrote n/404.html 
[debug] [2024-12-13T05:07:20.393Z] >>> [apiv2][query] GET https://www.gstatic.com/firebasejs/releases.json [none]
[debug] [2024-12-13T05:07:20.580Z] <<< [apiv2][status] GET https://www.gstatic.com/firebasejs/releases.json 200
[debug] [2024-12-13T05:07:20.581Z] <<< [apiv2][body] GET https://www.gstatic.com/firebasejs/releases.json {"current":{"version":"11.1.0","browserURL":"https://www.gstatic.com/firebasejs/11.1.0/firebase.js","packageURL":"https://www.gstatic.com/firebasejs/11.1.0/firebase.tgz"},"live":{"version":"11.1","browserURL":"https://www.gstatic.com/firebasejs/live/11.1/firebase.js","packageURL":"https://www.gstatic.com/firebasejs/live/11.1/firebase.tgz"},"components":{"analytics":"https://www.gstatic.com/firebasejs/11.1.0/firebase-analytics.js","app":"https://www.gstatic.com/firebasejs/11.1.0/firebase-app.js","app-check":"https://www.gstatic.com/firebasejs/11.1.0/firebase-app-check.js","auth":"https://www.gstatic.com/firebasejs/11.1.0/firebase-auth.js","auth/cordova":"https://www.gstatic.com/firebasejs/11.1.0/firebase-auth/cordova.js","auth/web-extension":"https://www.gstatic.com/firebasejs/11.1.0/firebase-auth/web-extension.js","functions":"https://www.gstatic.com/firebasejs/11.1.0/firebase-functions.js","firestore":"https://www.gstatic.com/firebasejs/11.1.0/firebase-firestore.js","firestore/lite":"https://www.gstatic.com/firebasejs/11.1.0/firebase-firestore/lite.js","installations":"https://www.gstatic.com/firebasejs/11.1.0/firebase-installations.js","storage":"https://www.gstatic.com/firebasejs/11.1.0/firebase-storage.js","performance":"https://www.gstatic.com/firebasejs/11.1.0/firebase-performance.js","remote-config":"https://www.gstatic.com/firebasejs/11.1.0/firebase-remote-config.js","messaging":"https://www.gstatic.com/firebasejs/11.1.0/firebase-messaging.js","messaging/sw":"https://www.gstatic.com/firebasejs/11.1.0/firebase-messaging/sw.js","database":"https://www.gstatic.com/firebasejs/11.1.0/firebase-database.js","vertexai":"https://www.gstatic.com/firebasejs/11.1.0/firebase-vertexai.js","data-connect":"https://www.gstatic.com/firebasejs/11.1.0/firebase-data-connect.js","firestore.memory":"https://www.gstatic.com/firebasejs/11.1.0/firebase-firestore.memory.js"}}
[info] +  Wrote n/index.html 
[info] 
[info] i  Writing configuration info to firebase.json... 
[info] i  Writing project information to .firebaserc... 
[info] i  Writing gitignore file to .gitignore... 
[info] 
[info] +  Firebase initialization complete! 
[debug] [2024-12-13T05:10:13.213Z] ----------------------------------------------------------------------
[debug] [2024-12-13T05:10:13.225Z] Command:       C:\Program Files\nodejs\node.exe C:\Users\jesus\AppData\Roaming\npm\node_modules\firebase-tools\lib\bin\firebase.js init --debug
[debug] [2024-12-13T05:10:13.232Z] CLI Version:   13.29.0
[debug] [2024-12-13T05:10:13.232Z] Platform:      win32
[debug] [2024-12-13T05:10:13.232Z] Node Version:  v22.11.0
[debug] [2024-12-13T05:10:13.233Z] Time:          Thu Dec 12 2024 23:10:13 GMT-0600 (hora estándar central)
[debug] [2024-12-13T05:10:13.234Z] ----------------------------------------------------------------------
[debug] 
[debug] [2024-12-13T05:10:13.337Z] > command requires scopes: ["email","openid","https://www.googleapis.com/auth/cloudplatformprojects.readonly","https://www.googleapis.com/auth/firebase","https://www.googleapis.com/auth/cloud-platform"]
[debug] [2024-12-13T05:10:13.338Z] > authorizing via signed-in user (jesuscb39@gmail.com)
[info] 
     ######## #### ########  ######## ########     ###     ######  ########
     ##        ##  ##     ## ##       ##     ##  ##   ##  ##       ##
     ######    ##  ########  ######   ########  #########  ######  ######
     ##        ##  ##    ##  ##       ##     ## ##     ##       ## ##
     ##       #### ##     ## ######## ########  ##     ##  ######  ########

You're about to initialize a Firebase project in this directory:

  C:\Users\jesus\Documents\Ecommerce

Before we get started, keep in mind:

  * You are initializing within an existing Firebase project directory

[info] 
=== Project Setup
[info] 
[info] First, let's associate this project directory with a Firebase project.
[info] You can create multiple project aliases by running firebase use --add, 
[info] but for now we'll just set up a default project.
[info] 
[debug] [2024-12-13T05:10:25.793Z] Using project from CLI flag: ebac-firebase-hosting-5b3ab
[debug] [2024-12-13T05:10:25.794Z] Checked if tokens are valid: true, expires at: 1734069834547
[debug] [2024-12-13T05:10:25.795Z] Checked if tokens are valid: true, expires at: 1734069834547
[debug] [2024-12-13T05:10:25.799Z] >>> [apiv2][query] GET https://firebase.googleapis.com/v1beta1/projects/ebac-firebase-hosting-5b3ab [none]
[debug] [2024-12-13T05:10:26.220Z] <<< [apiv2][status] GET https://firebase.googleapis.com/v1beta1/projects/ebac-firebase-hosting-5b3ab 200
[debug] [2024-12-13T05:10:26.221Z] <<< [apiv2][body] GET https://firebase.googleapis.com/v1beta1/projects/ebac-firebase-hosting-5b3ab {"projectId":"ebac-firebase-hosting-5b3ab","projectNumber":"535795992469","displayName":"EBAC-Firebase-Hosting","name":"projects/ebac-firebase-hosting-5b3ab","resources":{"hostingSite":"ebac-firebase-hosting-5b3ab"},"state":"ACTIVE","etag":"1_954a1a3e-5883-43f4-82cd-fd0f9763718f"}
[info] i  Using project ebac-firebase-hosting-5b3ab (EBAC-Firebase-Hosting) 
[info] 
=== Hosting Setup
[debug] [2024-12-13T05:10:26.246Z] Checked if tokens are valid: true, expires at: 1734069834547
[debug] [2024-12-13T05:10:26.246Z] Checked if tokens are valid: true, expires at: 1734069834547
[debug] [2024-12-13T05:10:26.252Z] >>> [apiv2][query] GET https://firebase.googleapis.com/v1beta1/projects/ebac-firebase-hosting-5b3ab [none]
[debug] [2024-12-13T05:10:26.481Z] <<< [apiv2][status] GET https://firebase.googleapis.com/v1beta1/projects/ebac-firebase-hosting-5b3ab 200
[debug] [2024-12-13T05:10:26.482Z] <<< [apiv2][body] GET https://firebase.googleapis.com/v1beta1/projects/ebac-firebase-hosting-5b3ab {"projectId":"ebac-firebase-hosting-5b3ab","projectNumber":"535795992469","displayName":"EBAC-Firebase-Hosting","name":"projects/ebac-firebase-hosting-5b3ab","resources":{"hostingSite":"ebac-firebase-hosting-5b3ab"},"state":"ACTIVE","etag":"1_954a1a3e-5883-43f4-82cd-fd0f9763718f"}
[info] 
[info] Your public directory is the folder (relative to your project directory) that
[info] will contain Hosting assets to be uploaded with firebase deploy. If you
[info] have a build process for your assets, use your build's output directory.
[info] 
[debug] [2024-12-13T05:10:39.787Z] >>> [apiv2][query] GET https://www.gstatic.com/firebasejs/releases.json [none]
[debug] [2024-12-13T05:10:40.101Z] <<< [apiv2][status] GET https://www.gstatic.com/firebasejs/releases.json 200
[debug] [2024-12-13T05:10:40.102Z] <<< [apiv2][body] GET https://www.gstatic.com/firebasejs/releases.json {"current":{"version":"11.1.0","browserURL":"https://www.gstatic.com/firebasejs/11.1.0/firebase.js","packageURL":"https://www.gstatic.com/firebasejs/11.1.0/firebase.tgz"},"live":{"version":"11.1","browserURL":"https://www.gstatic.com/firebasejs/live/11.1/firebase.js","packageURL":"https://www.gstatic.com/firebasejs/live/11.1/firebase.tgz"},"components":{"analytics":"https://www.gstatic.com/firebasejs/11.1.0/firebase-analytics.js","app":"https://www.gstatic.com/firebasejs/11.1.0/firebase-app.js","app-check":"https://www.gstatic.com/firebasejs/11.1.0/firebase-app-check.js","auth":"https://www.gstatic.com/firebasejs/11.1.0/firebase-auth.js","auth/cordova":"https://www.gstatic.com/firebasejs/11.1.0/firebase-auth/cordova.js","auth/web-extension":"https://www.gstatic.com/firebasejs/11.1.0/firebase-auth/web-extension.js","functions":"https://www.gstatic.com/firebasejs/11.1.0/firebase-functions.js","firestore":"https://www.gstatic.com/firebasejs/11.1.0/firebase-firestore.js","firestore/lite":"https://www.gstatic.com/firebasejs/11.1.0/firebase-firestore/lite.js","installations":"https://www.gstatic.com/firebasejs/11.1.0/firebase-installations.js","storage":"https://www.gstatic.com/firebasejs/11.1.0/firebase-storage.js","performance":"https://www.gstatic.com/firebasejs/11.1.0/firebase-performance.js","remote-config":"https://www.gstatic.com/firebasejs/11.1.0/firebase-remote-config.js","messaging":"https://www.gstatic.com/firebasejs/11.1.0/firebase-messaging.js","messaging/sw":"https://www.gstatic.com/firebasejs/11.1.0/firebase-messaging/sw.js","database":"https://www.gstatic.com/firebasejs/11.1.0/firebase-database.js","vertexai":"https://www.gstatic.com/firebasejs/11.1.0/firebase-vertexai.js","data-connect":"https://www.gstatic.com/firebasejs/11.1.0/firebase-data-connect.js","firestore.memory":"https://www.gstatic.com/firebasejs/11.1.0/firebase-firestore.memory.js"}}
[info] i  n/index.html is unchanged 
[info] 
[info] i  Writing configuration info to firebase.json... 
[info] i  Writing project information to .firebaserc... 
[info] 
[info] +  Firebase initialization complete! 
[debug] [2024-12-13T05:18:03.980Z] ----------------------------------------------------------------------
[debug] [2024-12-13T05:18:03.986Z] Command:       C:\Program Files\nodejs\node.exe C:\Users\jesus\AppData\Roaming\npm\node_modules\firebase-tools\lib\bin\firebase.js init --debug
[debug] [2024-12-13T05:18:03.986Z] CLI Version:   13.29.0
[debug] [2024-12-13T05:18:03.986Z] Platform:      win32
[debug] [2024-12-13T05:18:03.987Z] Node Version:  v22.11.0
[debug] [2024-12-13T05:18:03.987Z] Time:          Thu Dec 12 2024 23:18:03 GMT-0600 (hora estándar central)
[debug] [2024-12-13T05:18:03.987Z] ----------------------------------------------------------------------
[debug] 
[debug] [2024-12-13T05:18:04.091Z] > command requires scopes: ["email","openid","https://www.googleapis.com/auth/cloudplatformprojects.readonly","https://www.googleapis.com/auth/firebase","https://www.googleapis.com/auth/cloud-platform"]
[debug] [2024-12-13T05:18:04.093Z] > authorizing via signed-in user (jesuscb39@gmail.com)
[info] 
     ######## #### ########  ######## ########     ###     ######  ########
     ##        ##  ##     ## ##       ##     ##  ##   ##  ##       ##
     ######    ##  ########  ######   ########  #########  ######  ######
     ##        ##  ##    ##  ##       ##     ## ##     ##       ## ##
     ##       #### ##     ## ######## ########  ##     ##  ######  ########

You're about to initialize a Firebase project in this directory:

  C:\Users\jesus\Documents\Ecommerce

Before we get started, keep in mind:

  * You are initializing within an existing Firebase project directory

[info] 
=== Project Setup
[info] 
[info] First, let's associate this project directory with a Firebase project.
[info] You can create multiple project aliases by running firebase use --add, 
[info] but for now we'll just set up a default project.
[info] 
[debug] [2024-12-13T05:18:12.563Z] Using project from CLI flag: ebac-firebase-hosting-5b3ab
[debug] [2024-12-13T05:18:12.566Z] Checked if tokens are valid: true, expires at: 1734069834547
[debug] [2024-12-13T05:18:12.566Z] Checked if tokens are valid: true, expires at: 1734069834547
[debug] [2024-12-13T05:18:12.570Z] >>> [apiv2][query] GET https://firebase.googleapis.com/v1beta1/projects/ebac-firebase-hosting-5b3ab [none]
[debug] [2024-12-13T05:18:12.936Z] <<< [apiv2][status] GET https://firebase.googleapis.com/v1beta1/projects/ebac-firebase-hosting-5b3ab 200
[debug] [2024-12-13T05:18:12.937Z] <<< [apiv2][body] GET https://firebase.googleapis.com/v1beta1/projects/ebac-firebase-hosting-5b3ab {"projectId":"ebac-firebase-hosting-5b3ab","projectNumber":"535795992469","displayName":"EBAC-Firebase-Hosting","name":"projects/ebac-firebase-hosting-5b3ab","resources":{"hostingSite":"ebac-firebase-hosting-5b3ab"},"state":"ACTIVE","etag":"1_954a1a3e-5883-43f4-82cd-fd0f9763718f"}
[info] i  Using project ebac-firebase-hosting-5b3ab (EBAC-Firebase-Hosting) 
[info] 
=== Hosting Setup
[debug] [2024-12-13T05:18:12.956Z] Checked if tokens are valid: true, expires at: 1734069834547
[debug] [2024-12-13T05:18:12.956Z] Checked if tokens are valid: true, expires at: 1734069834547
[debug] [2024-12-13T05:18:12.956Z] >>> [apiv2][query] GET https://firebase.googleapis.com/v1beta1/projects/ebac-firebase-hosting-5b3ab [none]
[debug] [2024-12-13T05:18:13.227Z] <<< [apiv2][status] GET https://firebase.googleapis.com/v1beta1/projects/ebac-firebase-hosting-5b3ab 200
[debug] [2024-12-13T05:18:13.227Z] <<< [apiv2][body] GET https://firebase.googleapis.com/v1beta1/projects/ebac-firebase-hosting-5b3ab {"projectId":"ebac-firebase-hosting-5b3ab","projectNumber":"535795992469","displayName":"EBAC-Firebase-Hosting","name":"projects/ebac-firebase-hosting-5b3ab","resources":{"hostingSite":"ebac-firebase-hosting-5b3ab"},"state":"ACTIVE","etag":"1_954a1a3e-5883-43f4-82cd-fd0f9763718f"}
[info] 
[info] Your public directory is the folder (relative to your project directory) that
[info] will contain Hosting assets to be uploaded with firebase deploy. If you
[info] have a build process for your assets, use your build's output directory.
[info] 
[debug] [2024-12-13T05:18:29.580Z] >>> [apiv2][query] GET https://www.gstatic.com/firebasejs/releases.json [none]
[debug] [2024-12-13T05:18:29.838Z] <<< [apiv2][status] GET https://www.gstatic.com/firebasejs/releases.json 200
[debug] [2024-12-13T05:18:29.839Z] <<< [apiv2][body] GET https://www.gstatic.com/firebasejs/releases.json {"current":{"version":"11.1.0","browserURL":"https://www.gstatic.com/firebasejs/11.1.0/firebase.js","packageURL":"https://www.gstatic.com/firebasejs/11.1.0/firebase.tgz"},"live":{"version":"11.1","browserURL":"https://www.gstatic.com/firebasejs/live/11.1/firebase.js","packageURL":"https://www.gstatic.com/firebasejs/live/11.1/firebase.tgz"},"components":{"analytics":"https://www.gstatic.com/firebasejs/11.1.0/firebase-analytics.js","app":"https://www.gstatic.com/firebasejs/11.1.0/firebase-app.js","app-check":"https://www.gstatic.com/firebasejs/11.1.0/firebase-app-check.js","auth":"https://www.gstatic.com/firebasejs/11.1.0/firebase-auth.js","auth/cordova":"https://www.gstatic.com/firebasejs/11.1.0/firebase-auth/cordova.js","auth/web-extension":"https://www.gstatic.com/firebasejs/11.1.0/firebase-auth/web-extension.js","functions":"https://www.gstatic.com/firebasejs/11.1.0/firebase-functions.js","firestore":"https://www.gstatic.com/firebasejs/11.1.0/firebase-firestore.js","firestore/lite":"https://www.gstatic.com/firebasejs/11.1.0/firebase-firestore/lite.js","installations":"https://www.gstatic.com/firebasejs/11.1.0/firebase-installations.js","storage":"https://www.gstatic.com/firebasejs/11.1.0/firebase-storage.js","performance":"https://www.gstatic.com/firebasejs/11.1.0/firebase-performance.js","remote-config":"https://www.gstatic.com/firebasejs/11.1.0/firebase-remote-config.js","messaging":"https://www.gstatic.com/firebasejs/11.1.0/firebase-messaging.js","messaging/sw":"https://www.gstatic.com/firebasejs/11.1.0/firebase-messaging/sw.js","database":"https://www.gstatic.com/firebasejs/11.1.0/firebase-database.js","vertexai":"https://www.gstatic.com/firebasejs/11.1.0/firebase-vertexai.js","data-connect":"https://www.gstatic.com/firebasejs/11.1.0/firebase-data-connect.js","firestore.memory":"https://www.gstatic.com/firebasejs/11.1.0/firebase-firestore.memory.js"}}
[info] +  Wrote y/index.html 
[info] 
[info] i  Writing configuration info to firebase.json... 
[info] i  Writing project information to .firebaserc... 
[info] 
[info] +  Firebase initialization complete! 
[debug] [2024-12-13T05:19:47.028Z] ----------------------------------------------------------------------
[debug] [2024-12-13T05:19:47.033Z] Command:       C:\Program Files\nodejs\node.exe C:\Users\jesus\AppData\Roaming\npm\node_modules\firebase-tools\lib\bin\firebase.js init --debug
[debug] [2024-12-13T05:19:47.033Z] CLI Version:   13.29.0
[debug] [2024-12-13T05:19:47.034Z] Platform:      win32
[debug] [2024-12-13T05:19:47.034Z] Node Version:  v22.11.0
[debug] [2024-12-13T05:19:47.035Z] Time:          Thu Dec 12 2024 23:19:47 GMT-0600 (hora estándar central)
[debug] [2024-12-13T05:19:47.035Z] ----------------------------------------------------------------------
[debug] 
[debug] [2024-12-13T05:19:47.135Z] > command requires scopes: ["email","openid","https://www.googleapis.com/auth/cloudplatformprojects.readonly","https://www.googleapis.com/auth/firebase","https://www.googleapis.com/auth/cloud-platform"]
[debug] [2024-12-13T05:19:47.136Z] > authorizing via signed-in user (jesuscb39@gmail.com)
[info] 
     ######## #### ########  ######## ########     ###     ######  ########
     ##        ##  ##     ## ##       ##     ##  ##   ##  ##       ##
     ######    ##  ########  ######   ########  #########  ######  ######
     ##        ##  ##    ##  ##       ##     ## ##     ##       ## ##
     ##       #### ##     ## ######## ########  ##     ##  ######  ########

You're about to initialize a Firebase project in this directory:

  C:\Users\jesus\Documents\Ecommerce

Before we get started, keep in mind:

  * You are initializing within an existing Firebase project directory

[info] 
=== Project Setup
[info] 
[info] First, let's associate this project directory with a Firebase project.
[info] You can create multiple project aliases by running firebase use --add, 
[info] but for now we'll just set up a default project.
[info] 
[debug] [2024-12-13T05:19:54.633Z] Using project from CLI flag: ebac-firebase-hosting-5b3ab
[debug] [2024-12-13T05:19:54.635Z] Checked if tokens are valid: true, expires at: 1734069834547
[debug] [2024-12-13T05:19:54.635Z] Checked if tokens are valid: true, expires at: 1734069834547
[debug] [2024-12-13T05:19:54.637Z] >>> [apiv2][query] GET https://firebase.googleapis.com/v1beta1/projects/ebac-firebase-hosting-5b3ab [none]
[debug] [2024-12-13T05:19:55.143Z] <<< [apiv2][status] GET https://firebase.googleapis.com/v1beta1/projects/ebac-firebase-hosting-5b3ab 200
[debug] [2024-12-13T05:19:55.143Z] <<< [apiv2][body] GET https://firebase.googleapis.com/v1beta1/projects/ebac-firebase-hosting-5b3ab {"projectId":"ebac-firebase-hosting-5b3ab","projectNumber":"535795992469","displayName":"EBAC-Firebase-Hosting","name":"projects/ebac-firebase-hosting-5b3ab","resources":{"hostingSite":"ebac-firebase-hosting-5b3ab"},"state":"ACTIVE","etag":"1_954a1a3e-5883-43f4-82cd-fd0f9763718f"}
[info] i  Using project ebac-firebase-hosting-5b3ab (EBAC-Firebase-Hosting) 
[info] 
=== Hosting Setup
[debug] [2024-12-13T05:19:55.157Z] Checked if tokens are valid: true, expires at: 1734069834547
[debug] [2024-12-13T05:19:55.157Z] Checked if tokens are valid: true, expires at: 1734069834547
[debug] [2024-12-13T05:19:55.158Z] >>> [apiv2][query] GET https://firebase.googleapis.com/v1beta1/projects/ebac-firebase-hosting-5b3ab [none]
[debug] [2024-12-13T05:19:55.320Z] <<< [apiv2][status] GET https://firebase.googleapis.com/v1beta1/projects/ebac-firebase-hosting-5b3ab 200
[debug] [2024-12-13T05:19:55.320Z] <<< [apiv2][body] GET https://firebase.googleapis.com/v1beta1/projects/ebac-firebase-hosting-5b3ab {"projectId":"ebac-firebase-hosting-5b3ab","projectNumber":"535795992469","displayName":"EBAC-Firebase-Hosting","name":"projects/ebac-firebase-hosting-5b3ab","resources":{"hostingSite":"ebac-firebase-hosting-5b3ab"},"state":"ACTIVE","etag":"1_954a1a3e-5883-43f4-82cd-fd0f9763718f"}
[info] 
[info] Your public directory is the folder (relative to your project directory) that
[info] will contain Hosting assets to be uploaded with firebase deploy. If you
[info] have a build process for your assets, use your build's output directory.
[info] 
[info] +  Wrote y/404.html 
[debug] [2024-12-13T05:20:03.294Z] >>> [apiv2][query] GET https://www.gstatic.com/firebasejs/releases.json [none]
[debug] [2024-12-13T05:20:03.635Z] <<< [apiv2][status] GET https://www.gstatic.com/firebasejs/releases.json 200
[debug] [2024-12-13T05:20:03.636Z] <<< [apiv2][body] GET https://www.gstatic.com/firebasejs/releases.json {"current":{"version":"11.1.0","browserURL":"https://www.gstatic.com/firebasejs/11.1.0/firebase.js","packageURL":"https://www.gstatic.com/firebasejs/11.1.0/firebase.tgz"},"live":{"version":"11.1","browserURL":"https://www.gstatic.com/firebasejs/live/11.1/firebase.js","packageURL":"https://www.gstatic.com/firebasejs/live/11.1/firebase.tgz"},"components":{"analytics":"https://www.gstatic.com/firebasejs/11.1.0/firebase-analytics.js","app":"https://www.gstatic.com/firebasejs/11.1.0/firebase-app.js","app-check":"https://www.gstatic.com/firebasejs/11.1.0/firebase-app-check.js","auth":"https://www.gstatic.com/firebasejs/11.1.0/firebase-auth.js","auth/cordova":"https://www.gstatic.com/firebasejs/11.1.0/firebase-auth/cordova.js","auth/web-extension":"https://www.gstatic.com/firebasejs/11.1.0/firebase-auth/web-extension.js","functions":"https://www.gstatic.com/firebasejs/11.1.0/firebase-functions.js","firestore":"https://www.gstatic.com/firebasejs/11.1.0/firebase-firestore.js","firestore/lite":"https://www.gstatic.com/firebasejs/11.1.0/firebase-firestore/lite.js","installations":"https://www.gstatic.com/firebasejs/11.1.0/firebase-installations.js","storage":"https://www.gstatic.com/firebasejs/11.1.0/firebase-storage.js","performance":"https://www.gstatic.com/firebasejs/11.1.0/firebase-performance.js","remote-config":"https://www.gstatic.com/firebasejs/11.1.0/firebase-remote-config.js","messaging":"https://www.gstatic.com/firebasejs/11.1.0/firebase-messaging.js","messaging/sw":"https://www.gstatic.com/firebasejs/11.1.0/firebase-messaging/sw.js","database":"https://www.gstatic.com/firebasejs/11.1.0/firebase-database.js","vertexai":"https://www.gstatic.com/firebasejs/11.1.0/firebase-vertexai.js","data-connect":"https://www.gstatic.com/firebasejs/11.1.0/firebase-data-connect.js","firestore.memory":"https://www.gstatic.com/firebasejs/11.1.0/firebase-firestore.memory.js"}}
[info] i  y/index.html is unchanged 
[info] 
[info] i  Writing configuration info to firebase.json... 
[info] i  Writing project information to .firebaserc... 
[info] 
[info] +  Firebase initialization complete! 
